<?xml version="1.0" encoding="utf-8"?><testsuites><testsuite name="pytest" errors="0" failures="0" skipped="0" tests="28" time="0.689" timestamp="2022-11-01T17:38:47.503817" hostname="Ryans-MacBook-Pro.local"><testcase classname="utils.tests.test_model_gen" name="test_url_to_column[com.snowplowanalytics.snowplow/link_click/jsonschema/1-0-1-COM_SNOWPLOWANALYTICS_SNOWPLOW_LINK_CLICK_1_0_1]" time="0.001" /><testcase classname="utils.tests.test_model_gen" name="test_url_to_column[COM.SNOWPLOWANALYTICS.SNOWPLOW/JSONSCHEMA/JSONSCHEMA/1-0-0-COM_SNOWPLOWANALYTICS_SNOWPLOW_JSONSCHEMA_1_0_0]" time="0.000" /><testcase classname="utils.tests.test_model_gen" name="test_url_to_column[com.google.tag-manager.server-side/exception/jsonschema/2-8-1-COM_GOOGLE_TAG_MANAGER_SERVER_SIDE_EXCEPTION_2_8_1]" time="0.000" /><testcase classname="utils.tests.test_model_gen.Test_types" name="test_get_types" time="0.000" /><testcase classname="utils.tests.test_model_gen.Test_types" name="test_get_types_raises" time="0.000" /><testcase classname="utils.tests.test_model_gen.Test_types" name="test_type_hierarchy" time="0.000" /><testcase classname="utils.tests.test_model_gen.Test_parse_args" name="test_verbose" time="0.001" /><testcase classname="utils.tests.test_model_gen.Test_parse_args" name="test_help" time="0.001" /><testcase classname="utils.tests.test_model_gen.Test_parse_args" name="test_version" time="0.001" /><testcase classname="utils.tests.test_model_gen.Test_parse_args" name="test_dryRun" time="0.001" /><testcase classname="utils.tests.test_model_gen.Test_parse_args" name="test_req_config" time="0.001" /><testcase classname="utils.tests.test_model_gen.Test_parse_args" name="test_configHelp_exit" time="0.001" /><testcase classname="utils.tests.test_model_gen.Test_parse_args" name="test_cleanUp" time="0.001" /><testcase classname="utils.tests.test_model_gen.Test_write_model_file" name="test_basic_write" time="0.003" /><testcase classname="utils.tests.test_model_gen.Test_write_model_file" name="test_no_overwrite" time="0.001" /><testcase classname="utils.tests.test_model_gen.Test_write_model_file" name="test_overwrite" time="0.001" /><testcase classname="utils.tests.test_model_gen.Test_parse_schema_url" name="test_public_url" time="0.000" /><testcase classname="utils.tests.test_model_gen.Test_parse_schema_url" name="test_private_url" time="0.000" /><testcase classname="utils.tests.test_model_gen.Test_parse_schema_url" name="test_http_url" time="0.000" /><testcase classname="utils.tests.test_model_gen.Test_parse_schema_url" name="test_not_found" time="0.000" /><testcase classname="utils.tests.test_model_gen.Test_parse_schema_url" name="test_priority" time="0.000" /><testcase classname="utils.tests.test_model_gen.Test_parse_schema_url" name="test_unexpcted_schema" time="0.000" /><testcase classname="utils.tests.test_model_gen.Test_validate_json" name="test_validate_flag" time="0.000" /><testcase classname="utils.tests.test_model_gen.Test_validate_json" name="test_valid_json" time="0.002" /><testcase classname="utils.tests.test_model_gen.Test_validate_json" name="test_invalid_json" time="0.003" /><testcase classname="utils.tests.test_model_gen.Test_validate_json" name="test_warning" time="0.003" /><testcase classname="utils.tests.test_model_gen.Test_validate_json" name="test_get_schema" time="0.000" /><testcase classname="utils.tests.test_model_gen.Test_get_schema" name="test_public_repo" time="0.459" /></testsuite></testsuites>